
loading word table...
loading word table finished!!! 0.42 seconds escaped...
2018-11-21 21:24:56.007256: I tensorflow/core/platform/cpu_feature_guard.cc:140] Your CPU supports instructions that this TensorFlow binary was not compiled to use: AVX2 FMA
2018-11-21 21:24:56.452102: I tensorflow/core/common_runtime/gpu/gpu_device.cc:1356] Found device 0 with properties: 
name: Tesla P40 major: 6 minor: 1 memoryClockRate(GHz): 1.531
pciBusID: 0000:16:00.0
totalMemory: 22.38GiB freeMemory: 22.21GiB
2018-11-21 21:24:56.452157: I tensorflow/core/common_runtime/gpu/gpu_device.cc:1435] Adding visible gpu devices: 0
2018-11-21 21:24:56.769673: I tensorflow/core/common_runtime/gpu/gpu_device.cc:923] Device interconnect StreamExecutor with strength 1 edge matrix:
2018-11-21 21:24:56.769741: I tensorflow/core/common_runtime/gpu/gpu_device.cc:929]      0 
2018-11-21 21:24:56.769753: I tensorflow/core/common_runtime/gpu/gpu_device.cc:942] 0:   N 
2018-11-21 21:24:56.770325: I tensorflow/core/common_runtime/gpu/gpu_device.cc:1053] Created TensorFlow device (/job:localhost/replica:0/task:0/device:GPU:0 with 21551 MB memory) -> physical GPU (device: 0, name: Tesla P40, pci bus id: 0000:16:00.0, compute capability: 6.1)
train file list:

../data/shuffle-part-0
../data/shuffle-part-1
../data/shuffle-part-10
../data/shuffle-part-11
../data/shuffle-part-12
../data/shuffle-part-13
../data/shuffle-part-14
../data/shuffle-part-15
../data/shuffle-part-16
../data/shuffle-part-17
../data/shuffle-part-18
../data/shuffle-part-19
../data/shuffle-part-2
../data/shuffle-part-20
../data/shuffle-part-21
../data/shuffle-part-22
../data/shuffle-part-23
../data/shuffle-part-24
../data/shuffle-part-25
../data/shuffle-part-26
../data/shuffle-part-27
../data/shuffle-part-28
../data/shuffle-part-29
../data/shuffle-part-3
../data/shuffle-part-30
../data/shuffle-part-31
../data/shuffle-part-32
../data/shuffle-part-33
../data/shuffle-part-34
../data/shuffle-part-35
../data/shuffle-part-36
../data/shuffle-part-37
../data/shuffle-part-38
../data/shuffle-part-39
../data/shuffle-part-4
../data/shuffle-part-40
../data/shuffle-part-41
../data/shuffle-part-42
../data/shuffle-part-43
../data/shuffle-part-44
../data/shuffle-part-45
../data/shuffle-part-46
../data/shuffle-part-47
../data/shuffle-part-48
../data/shuffle-part-49
../data/shuffle-part-5
../data/shuffle-part-50
../data/shuffle-part-51
../data/shuffle-part-52
../data/shuffle-part-53
../data/shuffle-part-54
../data/shuffle-part-55
../data/shuffle-part-56
../data/shuffle-part-57
../data/shuffle-part-58
../data/shuffle-part-59
../data/shuffle-part-6
../data/shuffle-part-60
../data/shuffle-part-61
../data/shuffle-part-62
../data/shuffle-part-63
../data/shuffle-part-64
../data/shuffle-part-65
../data/shuffle-part-66
../data/shuffle-part-67
../data/shuffle-part-68
../data/shuffle-part-69
../data/shuffle-part-7
../data/shuffle-part-70
../data/shuffle-part-71
../data/shuffle-part-72
../data/shuffle-part-73
../data/shuffle-part-74
../data/shuffle-part-75
../data/shuffle-part-76
../data/shuffle-part-77
../data/shuffle-part-78
../data/shuffle-part-79
../data/shuffle-part-8
../data/shuffle-part-80
../data/shuffle-part-81
../data/shuffle-part-82
../data/shuffle-part-83
../data/shuffle-part-84
../data/shuffle-part-85
../data/shuffle-part-86
../data/shuffle-part-87
../data/shuffle-part-88
../data/shuffle-part-89
../data/shuffle-part-9
../data/shuffle-part-90
../data/shuffle-part-91
../data/shuffle-part-92
../data/shuffle-part-93
../data/shuffle-part-94
../data/shuffle-part-95
../data/shuffle-part-96
../data/shuffle-part-97
../data/shuffle-part-98
../data/shuffle-part-99
---------- Model Variabels -----------
1. embedding:0	/device:CPU:0	(450001, 100)	<dtype: 'float32'>
2. rnn/lstm_cell/kernel:0		(228, 1024)	<dtype: 'float32'>
3. rnn/lstm_cell/bias:0		(1024,)	<dtype: 'float32'>
4. rnn/lstm_cell/w_f_diag:0		(256,)	<dtype: 'float32'>
5. rnn/lstm_cell/w_i_diag:0		(256,)	<dtype: 'float32'>
6. rnn/lstm_cell/w_o_diag:0		(256,)	<dtype: 'float32'>
7. rnn/lstm_cell/projection/kernel:0		(256, 128)	<dtype: 'float32'>
8. softmax_fw_w:0		(128, 1)	<dtype: 'float32'>
9. softmax_fw_b:0		(1,)	<dtype: 'float32'>
10. beta1_power:0		()	<dtype: 'float32'>
11. beta2_power:0		()	<dtype: 'float32'>
12. rnn/lstm_cell/kernel/Adam:0		(228, 1024)	<dtype: 'float32'>
13. rnn/lstm_cell/kernel/Adam_1:0		(228, 1024)	<dtype: 'float32'>
14. rnn/lstm_cell/bias/Adam:0		(1024,)	<dtype: 'float32'>
15. rnn/lstm_cell/bias/Adam_1:0		(1024,)	<dtype: 'float32'>
16. rnn/lstm_cell/w_f_diag/Adam:0		(256,)	<dtype: 'float32'>
17. rnn/lstm_cell/w_f_diag/Adam_1:0		(256,)	<dtype: 'float32'>
18. rnn/lstm_cell/w_i_diag/Adam:0		(256,)	<dtype: 'float32'>
19. rnn/lstm_cell/w_i_diag/Adam_1:0		(256,)	<dtype: 'float32'>
20. rnn/lstm_cell/w_o_diag/Adam:0		(256,)	<dtype: 'float32'>
21. rnn/lstm_cell/w_o_diag/Adam_1:0		(256,)	<dtype: 'float32'>
22. rnn/lstm_cell/projection/kernel/Adam:0		(256, 128)	<dtype: 'float32'>
23. rnn/lstm_cell/projection/kernel/Adam_1:0		(256, 128)	<dtype: 'float32'>
24. softmax_fw_w/Adam:0		(128, 1)	<dtype: 'float32'>
25. softmax_fw_w/Adam_1:0		(128, 1)	<dtype: 'float32'>
26. softmax_fw_b/Adam:0		(1,)	<dtype: 'float32'>
27. softmax_fw_b/Adam_1:0		(1,)	<dtype: 'float32'>
------------------------
file=../data/shuffle-part-0, epoch=1 begins:
2018-11-21 21:25:27 : avg cost after    10 batches: cur_loss=0.073957, avg_loss=0.073957, 29.07 seconds elapsed ...
2018-11-21 21:25:54 : avg cost after    20 batches: cur_loss=0.073502, avg_loss=0.073730, 55.83 seconds elapsed ...
2018-11-21 21:26:20 : avg cost after    30 batches: cur_loss=0.072739, avg_loss=0.073400, 82.63 seconds elapsed ...
2018-11-21 21:26:47 : avg cost after    40 batches: cur_loss=0.070867, avg_loss=0.072767, 109.29 seconds elapsed ...
2018-11-21 21:27:14 : avg cost after    50 batches: cur_loss=0.063835, avg_loss=0.070980, 136.03 seconds elapsed ...
2018-11-21 21:27:41 : avg cost after    60 batches: cur_loss=0.060358, avg_loss=0.069210, 162.81 seconds elapsed ...
2018-11-21 21:28:07 : avg cost after    70 batches: cur_loss=0.059044, avg_loss=0.067758, 189.63 seconds elapsed ...
2018-11-21 21:28:34 : avg cost after    80 batches: cur_loss=0.058190, avg_loss=0.066562, 216.38 seconds elapsed ...
2018-11-21 21:29:01 : avg cost after    90 batches: cur_loss=0.057611, avg_loss=0.065567, 243.16 seconds elapsed ...
2018-11-21 21:29:28 : avg cost after   100 batches: cur_loss=0.057104, avg_loss=0.064721, 270.09 seconds elapsed ...
2018-11-21 21:29:54 : avg cost after   110 batches: cur_loss=0.056823, avg_loss=0.064003, 296.75 seconds elapsed ...
2018-11-21 21:30:21 : avg cost after   120 batches: cur_loss=0.056573, avg_loss=0.063384, 323.50 seconds elapsed ...
2018-11-21 21:30:48 : avg cost after   130 batches: cur_loss=0.056364, avg_loss=0.062844, 350.24 seconds elapsed ...
Cost time: 354.997558832 sec.
discardLines counter : 135080
file=../data/shuffle-part-1, epoch=2 begins:
2018-11-21 21:31:19 : avg cost after   142 batches: cur_loss=0.056143, avg_loss=0.056143, 26.74 seconds elapsed ...
2018-11-21 21:31:46 : avg cost after   152 batches: cur_loss=0.056033, avg_loss=0.056088, 53.47 seconds elapsed ...
